\BOOKMARK [1][-]{section.1}{\376\377\000H\000o\000l\000o\000g\000r\000a\000p\000h\000i\000c\000\040\000A\000r\000c\000h\000i\000t\000e\000c\000t\000u\000r\000e\000:\000\040\000T\000h\000e\000\040\0002\000+\0001\000D\000\040\000W\000o\000r\000l\000d\000-\000H\000o\000l\000o\000g\000r\000a\000m}{}% 1
\BOOKMARK [2][-]{subsection.1.1}{\376\377\000T\000h\000e\000\040\0002\000+\0001\000D\000\040\000E\0008\000\040\000F\000i\000b\000o\000n\000a\000c\000c\000i\000\040\000C\000F\000T}{section.1}% 2
\BOOKMARK [2][-]{subsection.1.2}{\376\377\000H\000o\000l\000o\000g\000r\000a\000p\000h\000i\000c\000\040\000P\000r\000o\000j\000e\000c\000t\000i\000o\000n\000:\000\040\0002\000+\0001\000D\000\040\041\222\000\040\0003\000+\0001\000D}{section.1}% 3
\BOOKMARK [2][-]{subsection.1.3}{\376\377\000F\000o\000r\000w\000a\000r\000d\000\040\000C\000a\000u\000s\000a\000l\000\040\000C\000h\000a\000i\000n\000\040\000\050\000R\000e\000s\000o\000l\000v\000e\000s\000\040\000C\000o\000n\000t\000r\000a\000d\000i\000c\000t\000i\000o\000n\000s\000\051}{section.1}% 4
\BOOKMARK [2][-]{subsection.1.4}{\376\377\000M\000a\000t\000h\000e\000m\000a\000t\000i\000c\000a\000l\000\040\000F\000r\000a\000m\000e\000w\000o\000r\000k}{section.1}% 5
\BOOKMARK [1][-]{section.2}{\376\377\000I\000n\000t\000r\000o\000d\000u\000c\000t\000i\000o\000n}{}% 6
\BOOKMARK [2][-]{subsection.2.1}{\376\377\000T\000h\000e\000\040\000P\000r\000o\000b\000l\000e\000m\000\040\000o\000f\000\040\000F\000u\000n\000d\000a\000m\000e\000n\000t\000a\000l\000\040\000P\000a\000r\000a\000m\000e\000t\000e\000r\000s}{section.2}% 7
\BOOKMARK [2][-]{subsection.2.2}{\376\377\000P\000r\000e\000v\000i\000o\000u\000s\000\040\000A\000p\000p\000r\000o\000a\000c\000h\000e\000s\000\040\000a\000n\000d\000\040\000T\000h\000e\000i\000r\000\040\000L\000i\000m\000i\000t\000a\000t\000i\000o\000n\000s}{section.2}% 8
\BOOKMARK [2][-]{subsection.2.3}{\376\377\000O\000u\000r\000\040\000A\000p\000p\000r\000o\000a\000c\000h\000:\000\040\000C\000o\000h\000e\000r\000e\000n\000c\000e\000\040\000M\000a\000x\000i\000m\000i\000z\000a\000t\000i\000o\000n\000\040\000+\000\040\000H\000o\000l\000o\000g\000r\000a\000p\000h\000i\000c\000\040\000A\000r\000c\000h\000i\000t\000e\000c\000t\000u\000r\000e}{section.2}% 9
\BOOKMARK [2][-]{subsection.2.4}{\376\377\000M\000a\000i\000n\000\040\000R\000e\000s\000u\000l\000t\000s\000\040\000S\000u\000m\000m\000a\000r\000y}{section.2}% 10
\BOOKMARK [2][-]{subsection.2.5}{\376\377\000P\000a\000p\000e\000r\000\040\000O\000r\000g\000a\000n\000i\000z\000a\000t\000i\000o\000n}{section.2}% 11
\BOOKMARK [1][-]{section.3}{\376\377\000M\000a\000t\000h\000e\000m\000a\000t\000i\000c\000a\000l\000\040\000F\000r\000a\000m\000e\000w\000o\000r\000k}{}% 12
\BOOKMARK [2][-]{subsection.3.1}{\376\377\000A\000x\000i\000o\000m\000a\000t\000i\000c\000\040\000F\000o\000u\000n\000d\000a\000t\000i\000o\000n}{section.3}% 13
\BOOKMARK [2][-]{subsection.3.2}{\376\377\000W\000h\000y\000\040\000Z\000X\000-\000C\000a\000l\000c\000u\000l\000u\000s\000\040\000i\000s\000\040\000N\000e\000c\000e\000s\000s\000a\000r\000y}{section.3}% 14
\BOOKMARK [2][-]{subsection.3.3}{\376\377\000P\000h\000y\000s\000i\000c\000a\000l\000\040\000R\000e\000a\000l\000i\000z\000a\000t\000i\000o\000n\000:\000\040\000F\000i\000b\000o\000n\000a\000c\000c\000i\000\040\000A\000n\000y\000o\000n\000s}{section.3}% 15
\BOOKMARK [2][-]{subsection.3.4}{\376\377\000C\000o\000h\000e\000r\000e\000n\000c\000e\000\040\000D\000y\000n\000a\000m\000i\000c\000s}{section.3}% 16
\BOOKMARK [2][-]{subsection.3.5}{\376\377\000H\000o\000l\000o\000g\000r\000a\000p\000h\000i\000c\000\040\000A\000r\000c\000h\000i\000t\000e\000c\000t\000u\000r\000e}{section.3}% 17
\BOOKMARK [1][-]{section.4}{\376\377\000E\000m\000e\000r\000g\000e\000n\000c\000e\000\040\000o\000f\000\040\000S\000p\000a\000c\000e\000t\000i\000m\000e\000\040\000a\000n\000d\000\040\000G\000r\000a\000v\000i\000t\000y}{}% 18
\BOOKMARK [2][-]{subsection.4.1}{\376\377\000C\000o\000a\000r\000s\000e\000-\000G\000r\000a\000i\000n\000i\000n\000g\000\040\000a\000n\000d\000\040\000E\000m\000e\000r\000g\000e\000n\000c\000e}{section.4}% 19
\BOOKMARK [2][-]{subsection.4.2}{\376\377\000S\000t\000a\000t\000i\000s\000t\000i\000c\000a\000l\000\040\000F\000i\000e\000l\000d\000\040\000T\000h\000e\000o\000r\000y\000\040\000D\000e\000r\000i\000v\000a\000t\000i\000o\000n}{section.4}% 20
\BOOKMARK [2][-]{subsection.4.3}{\376\377\000T\000e\000n\000s\000o\000r\000\040\000N\000e\000t\000w\000o\000r\000k\000\040\000R\000e\000n\000o\000r\000m\000a\000l\000i\000z\000a\000t\000i\000o\000n\000\040\000D\000e\000r\000i\000v\000a\000t\000i\000o\000n}{section.4}% 21
\BOOKMARK [2][-]{subsection.4.4}{\376\377\000W\000h\000y\000\040\000L\000o\000r\000e\000n\000t\000z\000i\000a\000n\000\040\000S\000i\000g\000n\000a\000t\000u\000r\000e}{section.4}% 22
\BOOKMARK [2][-]{subsection.4.5}{\376\377\000W\000h\000y\000\040\0004\000\040\000D\000i\000m\000e\000n\000s\000i\000o\000n\000s}{section.4}% 23
\BOOKMARK [2][-]{subsection.4.6}{\376\377\000R\000e\000s\000o\000l\000u\000t\000i\000o\000n\000\040\000o\000f\000\040\000G\000r\000a\000v\000i\000t\000y\000'\000s\000\040\000C\000o\000n\000c\000e\000p\000t\000u\000a\000l\000\040\000T\000e\000n\000s\000i\000o\000n\000s}{section.4}% 24
\BOOKMARK [3][-]{subsubsection.4.6.1}{\376\377\000B\000l\000a\000c\000k\000\040\000H\000o\000l\000e\000\040\000E\000n\000t\000r\000o\000p\000y\000\040\000a\000n\000d\000\040\000I\000n\000f\000o\000r\000m\000a\000t\000i\000o\000n}{subsection.4.6}% 25
\BOOKMARK [3][-]{subsubsection.4.6.2}{\376\377\000P\000l\000a\000n\000c\000k\000\040\000S\000c\000a\000l\000e\000\040\000P\000h\000y\000s\000i\000c\000s}{subsection.4.6}% 26
\BOOKMARK [3][-]{subsubsection.4.6.3}{\376\377\000S\000i\000n\000g\000u\000l\000a\000r\000i\000t\000i\000e\000s}{subsection.4.6}% 27
\BOOKMARK [3][-]{subsubsection.4.6.4}{\376\377\000W\000h\000y\000\040\000T\000h\000e\000s\000e\000\040\000R\000e\000s\000o\000l\000u\000t\000i\000o\000n\000s\000\040\000W\000o\000r\000k}{subsection.4.6}% 28
\BOOKMARK [1][-]{section.5}{\376\377\000E\000m\000e\000r\000g\000e\000n\000c\000e\000\040\000o\000f\000\040\000G\000a\000u\000g\000e\000\040\000F\000o\000r\000c\000e\000s\000\040\000a\000n\000d\000\040\000P\000a\000r\000t\000i\000c\000l\000e\000s}{}% 29
\BOOKMARK [2][-]{subsection.5.1}{\376\377\000G\000a\000u\000g\000e\000\040\000G\000r\000o\000u\000p\000s\000\040\000f\000r\000o\000m\000\040\000C\000o\000h\000e\000r\000e\000n\000c\000e\000\040\000S\000y\000m\000m\000e\000t\000r\000i\000e\000s}{section.5}% 30
\BOOKMARK [2][-]{subsection.5.2}{\376\377\000F\000e\000r\000m\000i\000o\000n\000s\000\040\000f\000r\000o\000m\000\040\000Z\000X\000-\000D\000i\000a\000g\000r\000a\000m\000s}{section.5}% 31
\BOOKMARK [3][-]{subsubsection.5.2.1}{\376\377\000F\000o\000r\000m\000a\000l\000\040\000D\000e\000f\000i\000n\000i\000t\000i\000o\000n\000\040\000o\000f\000\040\000F\000e\000r\000m\000i\000o\000n\000i\000c\000\040\000S\000t\000a\000t\000e\000s}{subsection.5.2}% 32
\BOOKMARK [3][-]{subsubsection.5.2.2}{\376\377\000Q\000u\000a\000n\000t\000u\000m\000\040\000N\000u\000m\000b\000e\000r\000\040\000A\000s\000s\000i\000g\000n\000m\000e\000n\000t}{subsection.5.2}% 33
\BOOKMARK [3][-]{subsubsection.5.2.3}{\376\377\000C\000h\000i\000r\000a\000l\000i\000t\000y\000\040\000f\000r\000o\000m\000\040\000C\000o\000h\000e\000r\000e\000n\000c\000e\000\040\000F\000l\000o\000w}{subsection.5.2}% 34
\BOOKMARK [2][-]{subsection.5.3}{\376\377\000T\000h\000r\000e\000e\000\040\000G\000e\000n\000e\000r\000a\000t\000i\000o\000n\000s\000\040\000f\000r\000o\000m\000\040\0003\000\040\000E\000i\000g\000e\000n\000v\000a\000l\000u\000e\000\040\000E\000q\000u\000a\000t\000i\000o\000n}{section.5}% 35
\BOOKMARK [2][-]{subsection.5.4}{\376\377\000M\000a\000s\000s\000\040\000H\000i\000e\000r\000a\000r\000c\000h\000i\000e\000s\000\040\000f\000r\000o\000m\000\040\000C\000o\000h\000e\000r\000e\000n\000c\000e\000\040\000C\000o\000u\000p\000l\000i\000n\000g}{section.5}% 36
\BOOKMARK [3][-]{subsubsection.5.4.1}{\376\377\000Y\000u\000k\000a\000w\000a\000\040\000C\000o\000u\000p\000l\000i\000n\000g\000s}{subsection.5.4}% 37
\BOOKMARK [3][-]{subsubsection.5.4.2}{\376\377\000N\000e\000u\000t\000r\000i\000n\000o\000\040\000M\000a\000s\000s\000e\000s}{subsection.5.4}% 38
\BOOKMARK [2][-]{subsection.5.5}{\376\377\000E\000l\000e\000c\000t\000r\000o\000w\000e\000a\000k\000\040\000S\000y\000m\000m\000e\000t\000r\000y\000\040\000B\000r\000e\000a\000k\000i\000n\000g}{section.5}% 39
\BOOKMARK [3][-]{subsubsection.5.5.1}{\376\377\000T\000h\000e\000\040\000H\000i\000g\000g\000s\000\040\000a\000s\000\040\000C\000o\000h\000e\000r\000e\000n\000c\000e\000\040\000C\000o\000n\000d\000e\000n\000s\000a\000t\000e}{subsection.5.5}% 40
\BOOKMARK [3][-]{subsubsection.5.5.2}{\376\377\000W\000e\000i\000n\000b\000e\000r\000g\000\040\000A\000n\000g\000l\000e\000\040\040\024\000\040\000B\000R\000E\000A\000K\000T\000H\000R\000O\000U\000G\000H\000\040\000R\000E\000S\000U\000L\000T}{subsection.5.5}% 41
\BOOKMARK [3][-]{subsubsection.5.5.3}{\376\377\000T\000i\000e\000r\000-\0001\000\040\000v\000s\000\040\000T\000i\000e\000r\000-\0002\000:\000\040\000A\000\040\000F\000u\000n\000d\000a\000m\000e\000n\000t\000a\000l\000\040\000D\000i\000s\000t\000i\000n\000c\000t\000i\000o\000n}{subsection.5.5}% 42
\BOOKMARK [2][-]{subsection.5.6}{\376\377\000C\000o\000u\000p\000l\000i\000n\000g\000\040\000C\000o\000n\000s\000t\000a\000n\000t\000\040\000U\000n\000i\000f\000i\000c\000a\000t\000i\000o\000n}{section.5}% 43
\BOOKMARK [3][-]{subsubsection.5.6.1}{\376\377\000R\000G\000\040\000F\000l\000o\000w\000\040\000w\000i\000t\000h\000\040\000-\000S\000c\000a\000l\000i\000n\000g}{subsection.5.6}% 44
\BOOKMARK [2][-]{subsection.5.7}{\376\377\000M\000i\000x\000i\000n\000g\000\040\000M\000a\000t\000r\000i\000c\000e\000s\000\040\000a\000n\000d\000\040\000C\000P\000\040\000V\000i\000o\000l\000a\000t\000i\000o\000n}{section.5}% 45
\BOOKMARK [3][-]{subsubsection.5.7.1}{\376\377\000C\000K\000M\000\040\000M\000a\000t\000r\000i\000x\000\040\000f\000r\000o\000m\000\040\000C\000o\000h\000e\000r\000e\000n\000c\000e\000\040\000O\000v\000e\000r\000l\000a\000p}{subsection.5.7}% 46
\BOOKMARK [3][-]{subsubsection.5.7.2}{\376\377\000P\000M\000N\000S\000\040\000M\000a\000t\000r\000i\000x\000\040\000f\000o\000r\000\040\000N\000e\000u\000t\000r\000i\000n\000o\000s}{subsection.5.7}% 47
\BOOKMARK [2][-]{subsection.5.8}{\376\377\000T\000h\000e\000\040\000H\000i\000g\000g\000s\000\040\000M\000a\000s\000s}{section.5}% 48
\BOOKMARK [3][-]{subsubsection.5.8.1}{\376\377\000H\000i\000g\000g\000s\000\040\000S\000e\000l\000f\000-\000C\000o\000u\000p\000l\000i\000n\000g}{subsection.5.8}% 49
\BOOKMARK [2][-]{subsection.5.9}{\376\377\000S\000t\000r\000o\000n\000g\000\040\000C\000P\000\040\000P\000r\000o\000b\000l\000e\000m\000\040\000R\000e\000s\000o\000l\000u\000t\000i\000o\000n}{section.5}% 50
\BOOKMARK [2][-]{subsection.5.10}{\376\377\000T\000h\000e\000\040\000C\000o\000m\000p\000l\000e\000t\000e\000\040\000S\000t\000a\000n\000d\000a\000r\000d\000\040\000M\000o\000d\000e\000l\000\040\000L\000a\000g\000r\000a\000n\000g\000i\000a\000n}{section.5}% 51
\BOOKMARK [3][-]{subsubsection.5.10.1}{\376\377\000P\000u\000t\000t\000i\000n\000g\000\040\000I\000t\000\040\000A\000l\000l\000\040\000T\000o\000g\000e\000t\000h\000e\000r}{subsection.5.10}% 52
\BOOKMARK [3][-]{subsubsection.5.10.2}{\376\377\000W\000h\000y\000\040\000T\000h\000i\000s\000\040\000E\000x\000a\000c\000t\000\040\000L\000a\000g\000r\000a\000n\000g\000i\000a\000n\000?}{subsection.5.10}% 53
\BOOKMARK [3][-]{subsubsection.5.10.3}{\376\377\000P\000r\000e\000d\000i\000c\000t\000i\000o\000n\000s\000\040\000B\000e\000y\000o\000n\000d\000\040\000S\000t\000a\000n\000d\000a\000r\000d\000\040\000M\000o\000d\000e\000l}{subsection.5.10}% 54
\BOOKMARK [1][-]{section.6}{\376\377\000D\000a\000r\000k\000\040\000E\000n\000e\000r\000g\000y\000\040\000a\000n\000d\000\040\000C\000o\000s\000m\000o\000l\000o\000g\000i\000c\000a\000l\000\040\000C\000o\000n\000s\000t\000a\000n\000t}{}% 55
\BOOKMARK [2][-]{subsection.6.1}{\376\377\000D\000e\000r\000i\000v\000a\000t\000i\000o\000n\000\040\000o\000f\000\040\000=\000\040\000-\0002\0005\0000}{section.6}% 56
\BOOKMARK [2][-]{subsection.6.2}{\376\377\000S\000t\000a\000t\000u\000s\000\040\000a\000n\000d\000\040\000O\000p\000e\000n\000\040\000I\000t\000e\000m}{section.6}% 57
\BOOKMARK [1][-]{section.7}{\376\377\000S\000t\000r\000o\000n\000g\000\040\000C\000P\000\040\000P\000r\000o\000b\000l\000e\000m\000\040\000R\000e\000s\000o\000l\000u\000t\000i\000o\000n}{}% 58
\BOOKMARK [2][-]{subsection.7.1}{\376\377\000W\000h\000y\000\040\000Q\000C\000D\000\040\000=\000\040\0000}{section.7}% 59
\BOOKMARK [1][-]{section.8}{\376\377\000E\000x\000p\000e\000r\000i\000m\000e\000n\000t\000a\000l\000\040\000V\000a\000l\000i\000d\000a\000t\000i\000o\000n}{}% 60
\BOOKMARK [2][-]{subsection.8.1}{\376\377\000C\000o\000m\000p\000l\000e\000t\000e\000\040\000E\000x\000p\000e\000r\000i\000m\000e\000n\000t\000a\000l\000\040\000P\000r\000o\000t\000o\000c\000o\000l\000s}{section.8}% 61
\BOOKMARK [3][-]{subsubsection.8.1.1}{\376\377\000P\000r\000o\000t\000o\000c\000o\000l\000\040\0001\000:\000\040\000Q\000u\000a\000n\000t\000u\000m\000\040\000C\000o\000m\000p\000u\000t\000e\000r\000\040\000C\000o\000h\000e\000r\000e\000n\000c\000e\000\040\000T\000e\000s\000t}{subsection.8.1}% 62
\BOOKMARK [3][-]{subsubsection.8.1.2}{\376\377\000P\000r\000o\000t\000o\000c\000o\000l\000\040\0002\000:\000\040\000D\000e\000c\000o\000h\000e\000r\000e\000n\000c\000e\000\040\000O\000p\000t\000i\000m\000i\000z\000a\000t\000i\000o\000n\000\040\000T\000e\000s\000t}{subsection.8.1}% 63
\BOOKMARK [3][-]{subsubsection.8.1.3}{\376\377\000P\000r\000o\000t\000o\000c\000o\000l\000\040\0003\000:\000\040\000F\000i\000b\000o\000n\000a\000c\000c\000i\000\040\000A\000n\000y\000o\000n\000\040\000Q\000u\000a\000n\000t\000u\000m\000\040\000D\000i\000m\000e\000n\000s\000i\000o\000n}{subsection.8.1}% 64
\BOOKMARK [3][-]{subsubsection.8.1.4}{\376\377\000P\000r\000o\000t\000o\000c\000o\000l\000\040\0004\000:\000\040\000C\000r\000i\000t\000i\000c\000a\000l\000\040\000P\000h\000e\000n\000o\000m\000e\000n\000a\000\040\000V\000e\000r\000i\000f\000i\000c\000a\000t\000i\000o\000n}{subsection.8.1}% 65
\BOOKMARK [3][-]{subsubsection.8.1.5}{\376\377\000P\000r\000o\000t\000o\000c\000o\000l\000\040\0005\000:\000\040\000T\000e\000n\000s\000o\000r\000\040\000N\000e\000t\000w\000o\000r\000k\000\040\000S\000p\000a\000c\000e\000t\000i\000m\000e\000\040\000E\000m\000e\000r\000g\000e\000n\000c\000e}{subsection.8.1}% 66
\BOOKMARK [3][-]{subsubsection.8.1.6}{\376\377\000P\000r\000o\000t\000o\000c\000o\000l\000\040\0006\000:\000\040\000Q\000u\000a\000n\000t\000u\000m\000\040\000G\000a\000t\000e\000\040\000F\000i\000d\000e\000l\000i\000t\000y\000\040\000T\000e\000s\000t}{subsection.8.1}% 67
\BOOKMARK [2][-]{subsection.8.2}{\376\377\000S\000u\000m\000m\000a\000r\000y\000\040\000o\000f\000\040\000T\000i\000e\000r\000-\0001\000\040\000C\000o\000n\000f\000i\000r\000m\000a\000t\000i\000o\000n\000s}{section.8}% 68
\BOOKMARK [2][-]{subsection.8.3}{\376\377\000Q\000u\000a\000n\000t\000u\000m\000\040\000C\000o\000m\000p\000u\000t\000e\000r\000\040\000T\000e\000s\000t\000s}{section.8}% 69
\BOOKMARK [3][-]{subsubsection.8.3.1}{\376\377\000M\000u\000t\000u\000a\000l\000\040\000I\000n\000f\000o\000r\000m\000a\000t\000i\000o\000n\000\040\000R\000a\000t\000i\000o}{subsection.8.3}% 70
\BOOKMARK [3][-]{subsubsection.8.3.2}{\376\377\000D\000e\000c\000o\000h\000e\000r\000e\000n\000c\000e\000\040\000O\000p\000t\000i\000m\000i\000z\000a\000t\000i\000o\000n}{subsection.8.3}% 71
\BOOKMARK [2][-]{subsection.8.4}{\376\377\000N\000u\000m\000e\000r\000i\000c\000a\000l\000\040\000V\000a\000l\000i\000d\000a\000t\000i\000o\000n\000s}{section.8}% 72
\BOOKMARK [3][-]{subsubsection.8.4.1}{\376\377\000F\000i\000b\000o\000n\000a\000c\000c\000i\000\040\000A\000n\000y\000o\000n\000\040\000Q\000u\000a\000n\000t\000u\000m\000\040\000D\000i\000m\000e\000n\000s\000i\000o\000n}{subsection.8.4}% 73
\BOOKMARK [2][-]{subsection.8.5}{\376\377\000C\000o\000m\000p\000a\000r\000i\000s\000o\000n\000\040\000w\000i\000t\000h\000\040\000E\000x\000p\000e\000r\000i\000m\000e\000n\000t}{section.8}% 74
\BOOKMARK [2][-]{subsection.8.6}{\376\377\000I\000n\000d\000e\000p\000e\000n\000d\000e\000n\000t\000\040\000V\000e\000r\000i\000f\000i\000c\000a\000t\000i\000o\000n}{section.8}% 75
\BOOKMARK [3][-]{subsubsection.8.6.1}{\376\377\000Q\000u\000a\000n\000t\000u\000m\000\040\000G\000a\000t\000e\000\040\000F\000i\000d\000e\000l\000i\000t\000y}{subsection.8.6}% 76
\BOOKMARK [3][-]{subsubsection.8.6.2}{\376\377\000C\000r\000i\000t\000i\000c\000a\000l\000\040\000P\000h\000e\000n\000o\000m\000e\000n\000a}{subsection.8.6}% 77
\BOOKMARK [2][-]{subsection.8.7}{\376\377\000S\000t\000a\000t\000i\000s\000t\000i\000c\000a\000l\000\040\000A\000n\000a\000l\000y\000s\000i\000s}{section.8}% 78
\BOOKMARK [3][-]{subsubsection.8.7.1}{\376\377\000C\000o\000m\000b\000i\000n\000e\000d\000\040\000S\000i\000g\000n\000i\000f\000i\000c\000a\000n\000c\000e}{subsection.8.7}% 79
\BOOKMARK [3][-]{subsubsection.8.7.2}{\376\377\000R\000o\000b\000u\000s\000t\000n\000e\000s\000s\000\040\000T\000e\000s\000t\000s}{subsection.8.7}% 80
\BOOKMARK [1][-]{section.9}{\376\377\000T\000e\000s\000t\000a\000b\000l\000e\000\040\000P\000r\000e\000d\000i\000c\000t\000i\000o\000n\000s}{}% 81
\BOOKMARK [2][-]{subsection.9.1}{\376\377\000I\000m\000m\000e\000d\000i\000a\000t\000e\000\040\000T\000e\000s\000t\000s\000\040\000\050\000C\000u\000r\000r\000e\000n\000t\000\040\000T\000e\000c\000h\000n\000o\000l\000o\000g\000y\000\051}{section.9}% 82
\BOOKMARK [3][-]{subsubsection.9.1.1}{\376\377\000T\000o\000p\000o\000l\000o\000g\000i\000c\000a\000l\000\040\000Q\000u\000a\000n\000t\000u\000m\000\040\000C\000o\000m\000p\000u\000t\000i\000n\000g}{subsection.9.1}% 83
\BOOKMARK [3][-]{subsubsection.9.1.2}{\376\377\000Q\000u\000a\000n\000t\000u\000m\000\040\000G\000a\000t\000e\000\040\000O\000p\000t\000i\000m\000i\000z\000a\000t\000i\000o\000n}{subsection.9.1}% 84
\BOOKMARK [3][-]{subsubsection.9.1.3}{\376\377\000C\000r\000i\000t\000i\000c\000a\000l\000\040\000P\000h\000e\000n\000o\000m\000e\000n\000a}{subsection.9.1}% 85
\BOOKMARK [3][-]{subsubsection.9.1.4}{\376\377\000H\000e\000a\000t\000\040\000E\000n\000g\000i\000n\000e\000\040\000E\000f\000f\000i\000c\000i\000e\000n\000c\000y}{subsection.9.1}% 86
\BOOKMARK [2][-]{subsection.9.2}{\376\377\000N\000e\000a\000r\000-\000T\000e\000r\000m\000\040\000T\000e\000s\000t\000s}{section.9}% 87
\BOOKMARK [3][-]{subsubsection.9.2.1}{\376\377\000H\000i\000g\000h\000-\000P\000r\000e\000c\000i\000s\000i\000o\000n\000\040}{subsection.9.2}% 88
\BOOKMARK [3][-]{subsubsection.9.2.2}{\376\377\0002\000W\000\040\000a\000t\000\040\000F\000u\000t\000u\000r\000e\000\040\000C\000o\000l\000l\000i\000d\000e\000r\000s}{subsection.9.2}% 89
\BOOKMARK [3][-]{subsubsection.9.2.3}{\376\377\000F\000o\000u\000r\000t\000h\000\040\000G\000e\000n\000e\000r\000a\000t\000i\000o\000n\000\040\000S\000e\000a\000r\000c\000h}{subsection.9.2}% 90
\BOOKMARK [2][-]{subsection.9.3}{\376\377\000A\000s\000t\000r\000o\000p\000h\000y\000s\000i\000c\000a\000l\000\040\000T\000e\000s\000t\000s}{section.9}% 91
\BOOKMARK [3][-]{subsubsection.9.3.1}{\376\377\000P\000l\000a\000n\000c\000k\000-\000S\000c\000a\000l\000e\000\040\000L\000o\000r\000e\000n\000t\000z\000\040\000V\000i\000o\000l\000a\000t\000i\000o\000n}{subsection.9.3}% 92
\BOOKMARK [3][-]{subsubsection.9.3.2}{\376\377\000D\000a\000r\000k\000\040\000M\000a\000t\000t\000e\000r\000\040\000M\000a\000s\000s}{subsection.9.3}% 93
\BOOKMARK [3][-]{subsubsection.9.3.3}{\376\377\000B\000l\000a\000c\000k\000\040\000H\000o\000l\000e\000\040\000S\000c\000r\000a\000m\000b\000l\000i\000n\000g\000\040\000T\000i\000m\000e}{subsection.9.3}% 94
\BOOKMARK [2][-]{subsection.9.4}{\376\377\000F\000a\000l\000s\000i\000f\000i\000c\000a\000t\000i\000o\000n\000\040\000C\000r\000i\000t\000e\000r\000i\000a}{section.9}% 95
\BOOKMARK [2][-]{subsection.9.5}{\376\377\000N\000o\000v\000e\000l\000\040\000P\000r\000e\000d\000i\000c\000t\000i\000o\000n\000s\000\040\000f\000r\000o\000m\000\040\000F\000i\000b\000o\000n\000a\000c\000c\000i\000\040\000A\000n\000y\000o\000n\000\040\000/\000\040\000Q\000E\000C\000C\000\040\000R\000e\000a\000l\000i\000z\000a\000t\000i\000o\000n}{section.9}% 96
\BOOKMARK [3][-]{subsubsection.9.5.1}{\376\377\000B\000i\000o\000l\000o\000g\000i\000c\000a\000l\000\040\000S\000y\000s\000t\000e\000m\000s}{subsection.9.5}% 97
\BOOKMARK [3][-]{subsubsection.9.5.2}{\376\377\000C\000o\000g\000n\000i\000t\000i\000v\000e\000\040\000S\000y\000s\000t\000e\000m\000s}{subsection.9.5}% 98
\BOOKMARK [3][-]{subsubsection.9.5.3}{\376\377\000C\000r\000i\000t\000i\000c\000a\000l\000\040\000P\000h\000e\000n\000o\000m\000e\000n\000a}{subsection.9.5}% 99
\BOOKMARK [3][-]{subsubsection.9.5.4}{\376\377\000H\000e\000a\000t\000\040\000E\000n\000g\000i\000n\000e\000s}{subsection.9.5}% 100
\BOOKMARK [1][-]{section.10}{\376\377\000O\000b\000s\000e\000r\000v\000e\000r\000-\000D\000e\000p\000e\000n\000d\000e\000n\000t\000\040\000E\000m\000e\000r\000g\000e\000n\000c\000e}{}% 101
\BOOKMARK [2][-]{subsection.10.1}{\376\377\000T\000h\000e\000\040\000S\000c\000a\000l\000e\000\040\000H\000i\000e\000r\000a\000r\000c\000h\000y}{section.10}% 102
\BOOKMARK [2][-]{subsection.10.2}{\376\377\000C\000o\000a\000r\000s\000e\000-\000G\000r\000a\000i\000n\000i\000n\000g\000\040\000M\000e\000c\000h\000a\000n\000i\000s\000m}{section.10}% 103
\BOOKMARK [3][-]{subsubsection.10.2.1}{\376\377\000S\000c\000a\000l\000e\000-\000D\000e\000p\000e\000n\000d\000e\000n\000t\000\040\000P\000h\000y\000s\000i\000c\000s}{subsection.10.2}% 104
\BOOKMARK [2][-]{subsection.10.3}{\376\377\000N\000o\000\040\000M\000e\000a\000s\000u\000r\000e\000m\000e\000n\000t\000\040\000P\000a\000r\000a\000d\000o\000x}{section.10}% 105
\BOOKMARK [3][-]{subsubsection.10.3.1}{\376\377\000M\000e\000a\000s\000u\000r\000e\000m\000e\000n\000t\000\040\000a\000s\000\040\000S\000c\000a\000l\000e\000\040\000S\000e\000l\000e\000c\000t\000i\000o\000n}{subsection.10.3}% 106
\BOOKMARK [3][-]{subsubsection.10.3.2}{\376\377\000O\000b\000s\000e\000r\000v\000e\000r\000-\000D\000e\000p\000e\000n\000d\000e\000n\000t\000\040\000R\000e\000a\000l\000i\000t\000y}{subsection.10.3}% 107
\BOOKMARK [2][-]{subsection.10.4}{\376\377\000C\000o\000h\000e\000r\000e\000n\000c\000e\000\040\000F\000i\000e\000l\000d\000\040\000S\000t\000r\000u\000c\000t\000u\000r\000e}{section.10}% 108
\BOOKMARK [3][-]{subsubsection.10.4.1}{\376\377\000S\000c\000a\000l\000e\000-\000D\000e\000p\000e\000n\000d\000e\000n\000t\000\040\000S\000a\000m\000p\000l\000i\000n\000g}{subsection.10.4}% 109
\BOOKMARK [3][-]{subsubsection.10.4.2}{\376\377\000E\000m\000e\000r\000g\000e\000n\000t\000\040\000P\000h\000y\000s\000i\000c\000s}{subsection.10.4}% 110
\BOOKMARK [2][-]{subsection.10.5}{\376\377\000S\000c\000a\000l\000e\000\040\000I\000n\000v\000a\000r\000i\000a\000n\000c\000e\000\040\000a\000n\000d\000\040\000-\000S\000c\000a\000l\000i\000n\000g}{section.10}% 111
\BOOKMARK [3][-]{subsubsection.10.5.1}{\376\377\000S\000c\000a\000l\000e\000\040\000H\000i\000e\000r\000a\000r\000c\000h\000y}{subsection.10.5}% 112
\BOOKMARK [3][-]{subsubsection.10.5.2}{\376\377\000O\000b\000s\000e\000r\000v\000e\000r\000\040\000Q\000u\000a\000n\000t\000i\000z\000a\000t\000i\000o\000n}{subsection.10.5}% 113
\BOOKMARK [2][-]{subsection.10.6}{\376\377\000I\000m\000p\000l\000i\000c\000a\000t\000i\000o\000n\000s\000\040\000f\000o\000r\000\040\000P\000h\000y\000s\000i\000c\000s}{section.10}% 114
\BOOKMARK [3][-]{subsubsection.10.6.1}{\376\377\000U\000n\000i\000f\000i\000e\000d\000\040\000D\000e\000s\000c\000r\000i\000p\000t\000i\000o\000n}{subsection.10.6}% 115
\BOOKMARK [3][-]{subsubsection.10.6.2}{\376\377\000N\000o\000\040\000F\000u\000n\000d\000a\000m\000e\000n\000t\000a\000l\000\040\000D\000i\000s\000c\000o\000n\000t\000i\000n\000u\000i\000t\000y}{subsection.10.6}% 116
\BOOKMARK [3][-]{subsubsection.10.6.3}{\376\377\000O\000b\000s\000e\000r\000v\000e\000r\000-\000D\000e\000p\000e\000n\000d\000e\000n\000t\000\040\000E\000m\000e\000r\000g\000e\000n\000c\000e}{subsection.10.6}% 117
\BOOKMARK [1][-]{section.11}{\376\377\000D\000i\000m\000e\000n\000s\000i\000o\000n\000a\000l\000\040\000E\000m\000e\000r\000g\000e\000n\000c\000e}{}% 118
\BOOKMARK [2][-]{subsection.11.1}{\376\377\000T\000h\000e\000\040\0003\000\040\000R\000e\000s\000o\000l\000u\000t\000i\000o\000n}{section.11}% 119
\BOOKMARK [2][-]{subsection.11.2}{\376\377\000D\000i\000m\000e\000n\000s\000i\000o\000n\000a\000l\000\040\000R\000e\000d\000u\000c\000t\000i\000o\000n\000\040\000a\000t\000\040\000P\000l\000a\000n\000c\000k\000\040\000S\000c\000a\000l\000e}{section.11}% 120
\BOOKMARK [3][-]{subsubsection.11.2.1}{\376\377\000C\000o\000m\000p\000a\000c\000t\000i\000f\000i\000c\000a\000t\000i\000o\000n\000\040\000M\000e\000c\000h\000a\000n\000i\000s\000m}{subsection.11.2}% 121
\BOOKMARK [3][-]{subsubsection.11.2.2}{\376\377\000E\000f\000f\000e\000c\000t\000i\000v\000e\000\040\000D\000i\000m\000e\000n\000s\000i\000o\000n\000a\000l\000i\000t\000y}{subsection.11.2}% 122
\BOOKMARK [2][-]{subsection.11.3}{\376\377\000W\000h\000y\000\040\000N\000o\000t\000\040\000O\000t\000h\000e\000r\000\040\000D\000i\000m\000e\000n\000s\000i\000o\000n\000s\000?}{section.11}% 123
\BOOKMARK [3][-]{subsubsection.11.3.1}{\376\377\000D\000i\000m\000e\000n\000s\000i\000o\000n\000s\000\040\000D\000\040\000<\000\040\0004}{subsection.11.3}% 124
\BOOKMARK [3][-]{subsubsection.11.3.2}{\376\377\000D\000i\000m\000e\000n\000s\000i\000o\000n\000s\000\040\000D\000\040\000>\000\040\0004}{subsection.11.3}% 125
\BOOKMARK [3][-]{subsubsection.11.3.3}{\376\377\000U\000n\000i\000q\000u\000e\000n\000e\000s\000s\000\040\000o\000f\000\040\000D\000\040\000=\000\040\0004}{subsection.11.3}% 126
\BOOKMARK [2][-]{subsection.11.4}{\376\377\000D\000i\000m\000e\000n\000s\000i\000o\000n\000a\000l\000\040\000E\000m\000e\000r\000g\000e\000n\000c\000e\000\040\000f\000r\000o\000m\000\040\000C\000o\000h\000e\000r\000e\000n\000c\000e}{section.11}% 127
\BOOKMARK [3][-]{subsubsection.11.4.1}{\376\377\000C\000o\000h\000e\000r\000e\000n\000c\000e\000\040\000F\000i\000e\000l\000d\000\040\000D\000i\000m\000e\000n\000s\000i\000o\000n\000a\000l\000i\000t\000y}{subsection.11.4}% 128
\BOOKMARK [3][-]{subsubsection.11.4.2}{\376\377\000D\000i\000m\000e\000n\000s\000i\000o\000n\000a\000l\000\040\000R\000e\000d\000u\000c\000t\000i\000o\000n}{subsection.11.4}% 129
\BOOKMARK [3][-]{subsubsection.11.4.3}{\376\377\000E\000f\000f\000e\000c\000t\000i\000v\000e\000\040\0004\000D\000\040\000T\000h\000e\000o\000r\000y}{subsection.11.4}% 130
\BOOKMARK [2][-]{subsection.11.5}{\376\377\000I\000m\000p\000l\000i\000c\000a\000t\000i\000o\000n\000s\000\040\000f\000o\000r\000\040\000P\000h\000y\000s\000i\000c\000s}{section.11}% 131
\BOOKMARK [3][-]{subsubsection.11.5.1}{\376\377\000S\000p\000a\000c\000e\000t\000i\000m\000e\000\040\000S\000t\000r\000u\000c\000t\000u\000r\000e}{subsection.11.5}% 132
\BOOKMARK [3][-]{subsubsection.11.5.2}{\376\377\000F\000i\000e\000l\000d\000\040\000T\000h\000e\000o\000r\000y\000\040\000C\000o\000n\000s\000i\000s\000t\000e\000n\000c\000y}{subsection.11.5}% 133
\BOOKMARK [3][-]{subsubsection.11.5.3}{\376\377\000C\000o\000s\000m\000o\000l\000o\000g\000i\000c\000a\000l\000\040\000I\000m\000p\000l\000i\000c\000a\000t\000i\000o\000n\000s}{subsection.11.5}% 134
\BOOKMARK [1][-]{section.12}{\376\377\000T\000h\000e\000\040\000G\000o\000l\000d\000e\000n\000\040\000R\000a\000t\000i\000o\000\040\000f\000r\000o\000m\000\040\000S\000e\000l\000f\000-\000R\000e\000f\000e\000r\000e\000n\000c\000e}{}% 135
\BOOKMARK [2][-]{subsection.12.1}{\376\377\000T\000h\000e\000\040\000P\000r\000i\000n\000c\000i\000p\000l\000e\000\040\000o\000f\000\040\000S\000t\000a\000b\000l\000e\000\040\000S\000e\000l\000f\000-\000R\000e\000f\000e\000r\000e\000n\000c\000e}{section.12}% 136
\BOOKMARK [2][-]{subsection.12.2}{\376\377\000A\000l\000t\000e\000r\000n\000a\000t\000i\000v\000e\000\040\000D\000e\000r\000i\000v\000a\000t\000i\000o\000n}{section.12}% 137
\BOOKMARK [2][-]{subsection.12.3}{\376\377\000N\000e\000c\000e\000s\000s\000i\000t\000y\000\040\000o\000f\000\040\000S\000e\000l\000f\000-\000C\000o\000n\000s\000i\000s\000t\000e\000n\000c\000y}{section.12}% 138
\BOOKMARK [3][-]{subsubsection.12.3.1}{\376\377\000M\000a\000t\000h\000e\000m\000a\000t\000i\000c\000a\000l\000\040\000P\000r\000o\000o\000f\000\040\000o\000f\000\040\000U\000n\000i\000q\000u\000e\000n\000e\000s\000s}{subsection.12.3}% 139
\BOOKMARK [3][-]{subsubsection.12.3.2}{\376\377\000I\000n\000f\000o\000r\000m\000a\000t\000i\000o\000n\000-\000T\000h\000e\000o\000r\000e\000t\000i\000c\000\040\000A\000r\000g\000u\000m\000e\000n\000t}{subsection.12.3}% 140
\BOOKMARK [3][-]{subsubsection.12.3.3}{\376\377\000P\000h\000y\000s\000i\000c\000a\000l\000\040\000R\000e\000a\000l\000i\000z\000a\000t\000i\000o\000n}{subsection.12.3}% 141
\BOOKMARK [2][-]{subsection.12.4}{\376\377\000S\000e\000l\000f\000-\000R\000e\000f\000e\000r\000e\000n\000c\000e\000\040\000i\000n\000\040\000P\000h\000y\000s\000i\000c\000s}{section.12}% 142
\BOOKMARK [3][-]{subsubsection.12.4.1}{\376\377\000T\000h\000e\000\040\000U\000n\000i\000v\000e\000r\000s\000e\000\040\000a\000s\000\040\000S\000e\000l\000f\000-\000R\000e\000f\000e\000r\000e\000n\000t\000i\000a\000l\000\040\000S\000y\000s\000t\000e\000m}{subsection.12.4}% 143
\BOOKMARK [3][-]{subsubsection.12.4.2}{\376\377\000C\000o\000h\000e\000r\000e\000n\000c\000e\000\040\000a\000s\000\040\000S\000e\000l\000f\000-\000R\000e\000f\000e\000r\000e\000n\000c\000e}{subsection.12.4}% 144
\BOOKMARK [3][-]{subsubsection.12.4.3}{\376\377\000I\000n\000f\000o\000r\000m\000a\000t\000i\000o\000n\000\040\000F\000l\000o\000w}{subsection.12.4}% 145
\BOOKMARK [2][-]{subsection.12.5}{\376\377\000M\000a\000t\000h\000e\000m\000a\000t\000i\000c\000a\000l\000\040\000P\000r\000o\000p\000e\000r\000t\000i\000e\000s\000\040\000o\000f\000\040}{section.12}% 146
\BOOKMARK [3][-]{subsubsection.12.5.1}{\376\377\000A\000l\000g\000e\000b\000r\000a\000i\000c\000\040\000P\000r\000o\000p\000e\000r\000t\000i\000e\000s}{subsection.12.5}% 147
\BOOKMARK [3][-]{subsubsection.12.5.2}{\376\377\000G\000e\000o\000m\000e\000t\000r\000i\000c\000\040\000P\000r\000o\000p\000e\000r\000t\000i\000e\000s}{subsection.12.5}% 148
\BOOKMARK [3][-]{subsubsection.12.5.3}{\376\377\000A\000n\000a\000l\000y\000t\000i\000c\000\040\000P\000r\000o\000p\000e\000r\000t\000i\000e\000s}{subsection.12.5}% 149
\BOOKMARK [2][-]{subsection.12.6}{\376\377\000W\000h\000y\000\040\000\040\000i\000s\000\040\000F\000u\000n\000d\000a\000m\000e\000n\000t\000a\000l}{section.12}% 150
\BOOKMARK [3][-]{subsubsection.12.6.1}{\376\377\000M\000i\000n\000i\000m\000a\000l\000\040\000D\000e\000s\000c\000r\000i\000p\000t\000i\000o\000n\000\040\000P\000r\000i\000n\000c\000i\000p\000l\000e}{subsection.12.6}% 151
\BOOKMARK [3][-]{subsubsection.12.6.2}{\376\377\000O\000p\000t\000i\000m\000a\000l\000\040\000I\000n\000f\000o\000r\000m\000a\000t\000i\000o\000n\000\040\000E\000n\000c\000o\000d\000i\000n\000g}{subsection.12.6}% 152
\BOOKMARK [3][-]{subsubsection.12.6.3}{\376\377\000U\000n\000i\000v\000e\000r\000s\000a\000l\000\040\000S\000c\000a\000l\000i\000n\000g}{subsection.12.6}% 153
\BOOKMARK [2][-]{subsection.12.7}{\376\377\000I\000m\000p\000l\000i\000c\000a\000t\000i\000o\000n\000s\000\040\000f\000o\000r\000\040\000P\000h\000y\000s\000i\000c\000s}{section.12}% 154
\BOOKMARK [3][-]{subsubsection.12.7.1}{\376\377\000F\000u\000n\000d\000a\000m\000e\000n\000t\000a\000l\000\040\000C\000o\000n\000s\000t\000a\000n\000t\000s}{subsection.12.7}% 155
\BOOKMARK [3][-]{subsubsection.12.7.2}{\376\377\000U\000n\000i\000v\000e\000r\000s\000a\000l\000\040\000S\000c\000a\000l\000i\000n\000g}{subsection.12.7}% 156
\BOOKMARK [3][-]{subsubsection.12.7.3}{\376\377\000S\000e\000l\000f\000-\000O\000r\000g\000a\000n\000i\000z\000a\000t\000i\000o\000n}{subsection.12.7}% 157
\BOOKMARK [1][-]{section.13}{\376\377\000G\000r\000a\000c\000e\000-\000W\000e\000i\000g\000h\000t\000e\000d\000\040\000D\000i\000m\000e\000n\000s\000i\000o\000n\000a\000l\000\040\000P\000r\000o\000j\000e\000c\000t\000i\000o\000n}{}% 158
\BOOKMARK [2][-]{subsection.13.1}{\376\377\000T\000h\000e\000\040\000T\000w\000o\000-\000L\000a\000y\000e\000r\000\040\000F\000r\000a\000m\000e\000w\000o\000r\000k}{section.13}% 159
\BOOKMARK [2][-]{subsection.13.2}{\376\377\000G\000r\000a\000c\000e\000-\000W\000e\000i\000g\000h\000t\000e\000d\000\040\000P\000r\000o\000j\000e\000c\000t\000i\000o\000n\000\040\000M\000e\000c\000h\000a\000n\000i\000s\000m}{section.13}% 160
\BOOKMARK [2][-]{subsection.13.3}{\376\377\000R\000e\000s\000o\000l\000u\000t\000i\000o\000n\000\040\000o\000f\000\040\000C\000o\000n\000c\000e\000p\000t\000u\000a\000l\000\040\000T\000e\000n\000s\000i\000o\000n\000s}{section.13}% 161
\BOOKMARK [2][-]{subsection.13.4}{\376\377\000A\000p\000p\000l\000i\000c\000a\000t\000i\000o\000n\000s\000\040\000t\000o\000\040\000S\000p\000e\000c\000i\000f\000i\000c\000\040\000P\000r\000o\000b\000l\000e\000m\000s}{section.13}% 162
\BOOKMARK [3][-]{subsubsection.13.4.1}{\376\377\000H\000i\000e\000r\000a\000r\000c\000h\000y\000\040\000P\000r\000o\000b\000l\000e\000m\000\040\000R\000e\000s\000o\000l\000u\000t\000i\000o\000n}{subsection.13.4}% 163
\BOOKMARK [3][-]{subsubsection.13.4.2}{\376\377\000C\000o\000s\000m\000o\000l\000o\000g\000i\000c\000a\000l\000\040\000C\000o\000n\000s\000t\000a\000n\000t\000\040\000P\000r\000o\000b\000l\000e\000m}{subsection.13.4}% 164
\BOOKMARK [3][-]{subsubsection.13.4.3}{\376\377\000G\000e\000n\000e\000r\000a\000t\000i\000o\000n\000\040\000N\000u\000m\000b\000e\000r\000\040\000P\000r\000o\000b\000l\000e\000m}{subsection.13.4}% 165
\BOOKMARK [2][-]{subsection.13.5}{\376\377\000M\000a\000t\000h\000e\000m\000a\000t\000i\000c\000a\000l\000\040\000P\000r\000o\000p\000e\000r\000t\000i\000e\000s}{section.13}% 166
\BOOKMARK [3][-]{subsubsection.13.5.1}{\376\377\000P\000r\000o\000j\000e\000c\000t\000i\000o\000n\000\040\000U\000n\000i\000q\000u\000e\000n\000e\000s\000s}{subsection.13.5}% 167
\BOOKMARK [3][-]{subsubsection.13.5.2}{\376\377\000S\000c\000a\000l\000e\000\040\000I\000n\000v\000a\000r\000i\000a\000n\000c\000e}{subsection.13.5}% 168
\BOOKMARK [2][-]{subsection.13.6}{\376\377\000E\000x\000p\000e\000r\000i\000m\000e\000n\000t\000a\000l\000\040\000I\000m\000p\000l\000i\000c\000a\000t\000i\000o\000n\000s}{section.13}% 169
\BOOKMARK [3][-]{subsubsection.13.6.1}{\376\377\000D\000i\000r\000e\000c\000t\000\040\000T\000e\000s\000t\000s}{subsection.13.6}% 170
\BOOKMARK [3][-]{subsubsection.13.6.2}{\376\377\000I\000n\000d\000i\000r\000e\000c\000t\000\040\000T\000e\000s\000t\000s}{subsection.13.6}% 171
\BOOKMARK [2][-]{subsection.13.7}{\376\377\000P\000h\000i\000l\000o\000s\000o\000p\000h\000i\000c\000a\000l\000\040\000I\000m\000p\000l\000i\000c\000a\000t\000i\000o\000n\000s}{section.13}% 172
\BOOKMARK [3][-]{subsubsection.13.7.1}{\376\377\000R\000e\000a\000l\000i\000t\000y\000\040\000S\000t\000r\000u\000c\000t\000u\000r\000e}{subsection.13.7}% 173
\BOOKMARK [3][-]{subsubsection.13.7.2}{\376\377\000O\000b\000s\000e\000r\000v\000e\000r\000\040\000R\000o\000l\000e}{subsection.13.7}% 174
\BOOKMARK [3][-]{subsubsection.13.7.3}{\376\377\000M\000a\000t\000h\000e\000m\000a\000t\000i\000c\000a\000l\000\040\000U\000n\000i\000v\000e\000r\000s\000e}{subsection.13.7}% 175
\BOOKMARK [1][-]{section.14}{\376\377\000D\000i\000s\000c\000u\000s\000s\000i\000o\000n}{}% 176
\BOOKMARK [2][-]{subsection.14.1}{\376\377\000C\000o\000m\000p\000a\000r\000i\000s\000o\000n\000\040\000w\000i\000t\000h\000\040\000A\000l\000t\000e\000r\000n\000a\000t\000i\000v\000e\000\040\000A\000p\000p\000r\000o\000a\000c\000h\000e\000s}{section.14}% 177
\BOOKMARK [3][-]{subsubsection.14.1.1}{\376\377\000S\000t\000r\000i\000n\000g\000\040\000T\000h\000e\000o\000r\000y}{subsection.14.1}% 178
\BOOKMARK [3][-]{subsubsection.14.1.2}{\376\377\000L\000o\000o\000p\000\040\000Q\000u\000a\000n\000t\000u\000m\000\040\000G\000r\000a\000v\000i\000t\000y}{subsection.14.1}% 179
\BOOKMARK [3][-]{subsubsection.14.1.3}{\376\377\000A\000s\000y\000m\000p\000t\000o\000t\000i\000c\000\040\000S\000a\000f\000e\000t\000y}{subsection.14.1}% 180
\BOOKMARK [3][-]{subsubsection.14.1.4}{\376\377\000A\000n\000t\000h\000r\000o\000p\000i\000c\000\040\000P\000r\000i\000n\000c\000i\000p\000l\000e}{subsection.14.1}% 181
\BOOKMARK [2][-]{subsection.14.2}{\376\377\000R\000e\000s\000o\000l\000u\000t\000i\000o\000n\000\040\000o\000f\000\040\000L\000o\000n\000g\000-\000S\000t\000a\000n\000d\000i\000n\000g\000\040\000P\000r\000o\000b\000l\000e\000m\000s}{section.14}% 182
\BOOKMARK [3][-]{subsubsection.14.2.1}{\376\377\000H\000i\000e\000r\000a\000r\000c\000h\000y\000\040\000P\000r\000o\000b\000l\000e\000m}{subsection.14.2}% 183
\BOOKMARK [3][-]{subsubsection.14.2.2}{\376\377\000S\000t\000r\000o\000n\000g\000\040\000C\000P\000\040\000P\000r\000o\000b\000l\000e\000m}{subsection.14.2}% 184
\BOOKMARK [3][-]{subsubsection.14.2.3}{\376\377\000C\000o\000s\000m\000o\000l\000o\000g\000i\000c\000a\000l\000\040\000C\000o\000n\000s\000t\000a\000n\000t\000\040\000P\000r\000o\000b\000l\000e\000m}{subsection.14.2}% 185
\BOOKMARK [3][-]{subsubsection.14.2.4}{\376\377\000G\000e\000n\000e\000r\000a\000t\000i\000o\000n\000\040\000N\000u\000m\000b\000e\000r}{subsection.14.2}% 186
\BOOKMARK [3][-]{subsubsection.14.2.5}{\376\377\000G\000a\000u\000g\000e\000\040\000G\000r\000o\000u\000p\000\040\000S\000e\000l\000e\000c\000t\000i\000o\000n}{subsection.14.2}% 187
\BOOKMARK [2][-]{subsection.14.3}{\376\377\000P\000h\000i\000l\000o\000s\000o\000p\000h\000i\000c\000a\000l\000\040\000I\000m\000p\000l\000i\000c\000a\000t\000i\000o\000n\000s}{section.14}% 188
\BOOKMARK [3][-]{subsubsection.14.3.1}{\376\377\000T\000h\000e\000\040\000E\000n\000d\000\040\000o\000f\000\040\000A\000r\000b\000i\000t\000r\000a\000r\000i\000n\000e\000s\000s}{subsection.14.3}% 189
\BOOKMARK [3][-]{subsubsection.14.3.2}{\376\377\000O\000b\000s\000e\000r\000v\000e\000r\000-\000D\000e\000p\000e\000n\000d\000e\000n\000t\000\040\000E\000m\000e\000r\000g\000e\000n\000c\000e}{subsection.14.3}% 190
\BOOKMARK [3][-]{subsubsection.14.3.3}{\376\377\000R\000e\000a\000l\000i\000t\000y\000\040\000a\000s\000\040\000M\000a\000t\000h\000e\000m\000a\000t\000i\000c\000s}{subsection.14.3}% 191
\BOOKMARK [2][-]{subsection.14.4}{\376\377\000G\000r\000a\000c\000e\000-\000W\000e\000i\000g\000h\000t\000e\000d\000\040\000D\000i\000m\000e\000n\000s\000i\000o\000n\000a\000l\000\040\000P\000r\000o\000j\000e\000c\000t\000i\000o\000n}{section.14}% 192
\BOOKMARK [3][-]{subsubsection.14.4.1}{\376\377\000T\000w\000o\000-\000L\000a\000y\000e\000r\000\040\000I\000n\000t\000e\000r\000p\000r\000e\000t\000a\000t\000i\000o\000n}{subsection.14.4}% 193
\BOOKMARK [3][-]{subsubsection.14.4.2}{\376\377\000W\000h\000y\000\040\000T\000h\000i\000s\000\040\000M\000a\000t\000t\000e\000r\000s}{subsection.14.4}% 194
\BOOKMARK [3][-]{subsubsection.14.4.3}{\376\377\000E\000x\000a\000m\000p\000l\000e\000s}{subsection.14.4}% 195
\BOOKMARK [2][-]{subsection.14.5}{\376\377\000O\000p\000e\000n\000\040\000Q\000u\000e\000s\000t\000i\000o\000n\000s\000\040\000a\000n\000d\000\040\000F\000u\000t\000u\000r\000e\000\040\000D\000i\000r\000e\000c\000t\000i\000o\000n\000s}{section.14}% 196
\BOOKMARK [3][-]{subsubsection.14.5.1}{\376\377\000C\000r\000i\000t\000i\000c\000a\000l\000\040\000O\000p\000e\000n\000\040\000P\000r\000o\000b\000l\000e\000m\000s}{subsection.14.5}% 197
\BOOKMARK [3][-]{subsubsection.14.5.2}{\376\377\000F\000u\000t\000u\000r\000e\000\040\000R\000e\000s\000e\000a\000r\000c\000h\000\040\000D\000i\000r\000e\000c\000t\000i\000o\000n\000s}{subsection.14.5}% 198
\BOOKMARK [2][-]{subsection.14.6}{\376\377\000L\000i\000m\000i\000t\000a\000t\000i\000o\000n\000s\000\040\000a\000n\000d\000\040\000S\000c\000o\000p\000e}{section.14}% 199
\BOOKMARK [3][-]{subsubsection.14.6.1}{\376\377\000W\000h\000a\000t\000\040\000W\000e\000\040\000H\000a\000v\000e\000\040\000N\000O\000T\000\040\000D\000o\000n\000e}{subsection.14.6}% 200
\BOOKMARK [3][-]{subsubsection.14.6.2}{\376\377\000W\000h\000a\000t\000\040\000T\000h\000e\000s\000e\000\040\000L\000i\000m\000i\000t\000a\000t\000i\000o\000n\000s\000\040\000M\000e\000a\000n}{subsection.14.6}% 201
\BOOKMARK [3][-]{subsubsection.14.6.3}{\376\377\000S\000c\000o\000p\000e\000\040\000o\000f\000\040\000t\000h\000e\000\040\000T\000h\000e\000o\000r\000y}{subsection.14.6}% 202
\BOOKMARK [1][-]{section.15}{\376\377\000R\000e\000s\000e\000a\000r\000c\000h\000\040\000R\000o\000a\000d\000m\000a\000p}{}% 203
\BOOKMARK [2][-]{subsection.15.1}{\376\377\000C\000o\000m\000p\000l\000e\000t\000e\000d\000\040\000I\000t\000e\000m\000s}{section.15}% 204
\BOOKMARK [2][-]{subsection.15.2}{\376\377\000I\000n\000-\000P\000r\000o\000g\000r\000e\000s\000s\000\040\000W\000o\000r\000k}{section.15}% 205
\BOOKMARK [2][-]{subsection.15.3}{\376\377\000F\000u\000t\000u\000r\000e\000\040\000D\000i\000r\000e\000c\000t\000i\000o\000n\000s}{section.15}% 206
\BOOKMARK [2][-]{subsection.15.4}{\376\377\000C\000r\000i\000t\000i\000c\000a\000l\000\040\000N\000e\000x\000t\000\040\000S\000t\000e\000p\000s}{section.15}% 207
\BOOKMARK [2][-]{subsection.15.5}{\376\377\000R\000e\000s\000e\000a\000r\000c\000h\000\040\000P\000r\000i\000o\000r\000i\000t\000i\000e\000s}{section.15}% 208
\BOOKMARK [2][-]{subsection.15.6}{\376\377\000T\000i\000m\000e\000l\000i\000n\000e\000\040\000S\000u\000m\000m\000a\000r\000y}{section.15}% 209
\BOOKMARK [1][-]{section.16}{\376\377\000C\000o\000n\000c\000l\000u\000s\000i\000o\000n}{}% 210
\BOOKMARK [2][-]{subsection.16.1}{\376\377\000S\000u\000m\000m\000a\000r\000y\000\040\000o\000f\000\040\000A\000c\000h\000i\000e\000v\000e\000m\000e\000n\000t\000s}{section.16}% 211
\BOOKMARK [2][-]{subsection.16.2}{\376\377\000S\000c\000i\000e\000n\000t\000i\000f\000i\000c\000\040\000I\000m\000p\000a\000c\000t}{section.16}% 212
\BOOKMARK [2][-]{subsection.16.3}{\376\377\000T\000h\000e\000\040\000U\000l\000t\000i\000m\000a\000t\000e\000\040\000S\000t\000a\000t\000e\000m\000e\000n\000t}{section.16}% 213
\BOOKMARK [2][-]{subsection.16.4}{\376\377\000F\000u\000t\000u\000r\000e\000\040\000P\000r\000o\000s\000p\000e\000c\000t\000s}{section.16}% 214
\BOOKMARK [2][-]{subsection.16.5}{\376\377\000F\000i\000n\000a\000l\000\040\000R\000e\000m\000a\000r\000k\000s}{section.16}% 215
\BOOKMARK [1][-]{appendix.A}{\376\377\000C\000o\000m\000p\000l\000e\000t\000e\000\040\000P\000a\000r\000a\000m\000e\000t\000e\000r\000\040\000P\000r\000e\000d\000i\000c\000t\000i\000o\000n\000s\000\040\000f\000r\000o\000m\000\040}{}% 216
\BOOKMARK [2][-]{subsection.A.1}{\376\377\000P\000r\000e\000d\000i\000c\000t\000i\000o\000n\000\040\000R\000e\000g\000i\000s\000t\000r\000y\000\040\000\050\000S\000u\000m\000m\000a\000r\000y\000\051}{appendix.A}% 217
\BOOKMARK [2][-]{subsection.A.2}{\376\377\000C\000-\000F\000a\000c\000t\000o\000r\000\040\000C\000a\000t\000a\000l\000o\000g}{appendix.A}% 218
\BOOKMARK [2][-]{subsection.A.3}{\376\377\000M\000i\000n\000i\000m\000a\000l\000\040\000R\000G\000E\000\040\000E\000x\000a\000m\000p\000l\000e\000\040\000\050\000s\000i\000n\000\262\000t\000h\000e\000t\000a\000W\000\051}{appendix.A}% 219
\BOOKMARK [1][-]{appendix.B}{\376\377\000C\000o\000m\000p\000l\000e\000t\000e\000\040\000M\000a\000t\000h\000e\000m\000a\000t\000i\000c\000a\000l\000\040\000F\000r\000a\000m\000e\000w\000o\000r\000k}{}% 220
\BOOKMARK [2][-]{subsection.B.1}{\376\377\000C\000o\000h\000e\000r\000e\000n\000c\000e\000\040\000O\000p\000e\000r\000a\000t\000o\000r\000\040\000P\000r\000o\000p\000e\000r\000t\000i\000e\000s}{appendix.B}% 221
\BOOKMARK [2][-]{subsection.B.2}{\376\377\000M\000a\000s\000t\000e\000r\000\040\000E\000q\000u\000a\000t\000i\000o\000n\000\040\000D\000e\000r\000i\000v\000a\000t\000i\000o\000n}{appendix.B}% 222
\BOOKMARK [2][-]{subsection.B.3}{\376\377\000G\000l\000o\000b\000a\000l\000\040\000C\000o\000n\000v\000e\000r\000g\000e\000n\000c\000e\000\040\000P\000r\000o\000o\000f}{appendix.B}% 223
\BOOKMARK [2][-]{subsection.B.4}{\376\377\000I\000n\000f\000o\000r\000m\000a\000t\000i\000o\000n\000\040\000G\000e\000o\000m\000e\000t\000r\000y}{appendix.B}% 224
\BOOKMARK [1][-]{appendix.C}{\376\377\000E\000x\000p\000e\000r\000i\000m\000e\000n\000t\000a\000l\000\040\000P\000r\000o\000t\000o\000c\000o\000l\000s}{}% 225
\BOOKMARK [2][-]{subsection.C.1}{\376\377\000Q\000u\000a\000n\000t\000u\000m\000\040\000C\000o\000m\000p\000u\000t\000e\000r\000\040\000C\000o\000h\000e\000r\000e\000n\000c\000e\000\040\000T\000e\000s\000t\000\040\000P\000r\000o\000t\000o\000c\000o\000l}{appendix.C}% 226
\BOOKMARK [2][-]{subsection.C.2}{\376\377\000D\000e\000c\000o\000h\000e\000r\000e\000n\000c\000e\000\040\000O\000p\000t\000i\000m\000i\000z\000a\000t\000i\000o\000n\000\040\000P\000r\000o\000t\000o\000c\000o\000l}{appendix.C}% 227
\BOOKMARK [2][-]{subsection.C.3}{\376\377\000Q\000u\000a\000n\000t\000u\000m\000\040\000G\000a\000t\000e\000\040\000F\000i\000d\000e\000l\000i\000t\000y\000\040\000T\000e\000s\000t}{appendix.C}% 228
\BOOKMARK [2][-]{subsection.C.4}{\376\377\000C\000r\000i\000t\000i\000c\000a\000l\000\040\000P\000h\000e\000n\000o\000m\000e\000n\000a\000\040\000V\000e\000r\000i\000f\000i\000c\000a\000t\000i\000o\000n}{appendix.C}% 229
\BOOKMARK [2][-]{subsection.C.5}{\376\377\000T\000e\000n\000s\000o\000r\000\040\000N\000e\000t\000w\000o\000r\000k\000\040\000S\000p\000a\000c\000e\000t\000i\000m\000e\000\040\000E\000m\000e\000r\000g\000e\000n\000c\000e\000\040\000P\000r\000o\000t\000o\000c\000o\000l}{appendix.C}% 230
\BOOKMARK [2][-]{subsection.C.6}{\376\377\000D\000a\000t\000a\000\040\000A\000n\000a\000l\000y\000s\000i\000s\000\040\000R\000e\000q\000u\000i\000r\000e\000m\000e\000n\000t\000s}{appendix.C}% 231
\BOOKMARK [1][-]{appendix.D}{\376\377\000-\000C\000o\000n\000s\000t\000r\000a\000i\000n\000e\000d\000\040\000I\000n\000t\000e\000r\000f\000a\000c\000e\000\040\000F\000i\000e\000l\000d\000\040\000T\000h\000e\000o\000r\000y}{}% 232
\BOOKMARK [2][-]{subsection.D.1}{\376\377\000M\000o\000t\000i\000v\000a\000t\000i\000o\000n\000\040\000a\000n\000d\000\040\000S\000t\000a\000t\000e\000m\000e\000n\000t}{appendix.D}% 233
\BOOKMARK [2][-]{subsection.D.2}{\376\377\000C\000o\000n\000s\000t\000r\000a\000i\000n\000e\000d\000\040\000V\000a\000r\000i\000a\000t\000i\000o\000n\000a\000l\000\040\000P\000r\000i\000n\000c\000i\000p\000l\000e\000\040\000a\000t\000\040\000I\000n\000t\000e\000r\000f\000a\000c\000e\000s}{appendix.D}% 234
\BOOKMARK [2][-]{subsection.D.3}{\376\377\000I\000n\000t\000e\000r\000f\000a\000c\000e\000\040\000F\000l\000u\000x\000\040\000L\000a\000w\000\040\000\050\000L\000i\000n\000e\000a\000r\000/\000G\000a\000u\000s\000s\000i\000a\000n\000\040\000R\000e\000g\000i\000m\000e\000\051}{appendix.D}% 235
\BOOKMARK [2][-]{subsection.D.4}{\376\377\000I\000n\000s\000t\000a\000n\000t\000i\000a\000t\000i\000o\000n\000s\000\040\000i\000n\000\040\000R\000e\000a\000l\000\040\000S\000y\000s\000t\000e\000m\000s}{appendix.D}% 236
\BOOKMARK [3][-]{subsubsection.D.4.1}{\376\377\000S\000k\000y\000r\000m\000i\000o\000n\000\040\000M\000u\000l\000t\000i\000l\000a\000y\000e\000r\000s\000\040\000\050\000C\000h\000i\000r\000a\000l\000\040\000M\000a\000g\000n\000e\000t\000s\000\051}{subsection.D.4}% 237
\BOOKMARK [3][-]{subsubsection.D.4.2}{\376\377\000V\000o\000r\000t\000e\000x\000\040\000K\000n\000o\000t\000s\000\040\000i\000n\000\040\000S\000t\000r\000u\000c\000t\000u\000r\000e\000d\000\040\000L\000i\000g\000h\000t}{subsection.D.4}% 238
\BOOKMARK [3][-]{subsubsection.D.4.3}{\376\377\000C\000a\000v\000i\000t\000y\000\040\000Q\000E\000D\000\040\000\050\000E\000m\000i\000t\000t\000e\000r\040\023\000C\000a\000v\000i\000t\000y\040\023\000E\000n\000v\000i\000r\000o\000n\000m\000e\000n\000t\000\051}{subsection.D.4}% 239
\BOOKMARK [2][-]{subsection.D.5}{\376\377\000M\000e\000a\000s\000u\000r\000e\000m\000e\000n\000t\000\040\000P\000r\000o\000t\000o\000c\000o\000l\000s\000\040\000\050\000S\000y\000s\000t\000e\000m\000-\000A\000g\000n\000o\000s\000t\000i\000c\000\040\000M\000I\000\051}{appendix.D}% 240
\BOOKMARK [2][-]{subsection.D.6}{\376\377\000S\000u\000m\000m\000a\000r\000y\000\040\000a\000n\000d\000\040\000A\000p\000p\000l\000i\000c\000a\000t\000i\000o\000n\000s}{appendix.D}% 241
\BOOKMARK [1][-]{appendix.E}{\376\377\000T\000R\000G\000\040\000R\000e\000p\000r\000o\000d\000u\000c\000i\000b\000i\000l\000i\000t\000y\000\040\000C\000h\000e\000c\000k\000l\000i\000s\000t}{}% 242
\BOOKMARK [2][-]{subsection.E.1}{\376\377\000A\000l\000g\000o\000r\000i\000t\000h\000m\000\040\000I\000m\000p\000l\000e\000m\000e\000n\000t\000a\000t\000i\000o\000n}{appendix.E}% 243
\BOOKMARK [2][-]{subsection.E.2}{\376\377\000C\000o\000n\000v\000e\000r\000g\000e\000n\000c\000e\000\040\000C\000r\000i\000t\000e\000r\000i\000a}{appendix.E}% 244
\BOOKMARK [2][-]{subsection.E.3}{\376\377\000E\000n\000t\000a\000n\000g\000l\000e\000m\000e\000n\000t\000\040\000E\000x\000t\000r\000a\000c\000t\000i\000o\000n}{appendix.E}% 245
\BOOKMARK [2][-]{subsection.E.4}{\376\377\000M\000e\000t\000r\000i\000c\000\040\000R\000e\000c\000o\000n\000s\000t\000r\000u\000c\000t\000i\000o\000n}{appendix.E}% 246
\BOOKMARK [2][-]{subsection.E.5}{\376\377\000O\000u\000t\000p\000u\000t\000s\000\040\000a\000n\000d\000\040\000V\000a\000l\000i\000d\000a\000t\000i\000o\000n}{appendix.E}% 247
\BOOKMARK [1][-]{appendix.F}{\376\377\000-\000E\000x\000p\000o\000n\000e\000n\000t\000\040\000P\000r\000o\000o\000f\000\040\000S\000k\000e\000t\000c\000h\000e\000s}{}% 248
\BOOKMARK [2][-]{subsection.F.1}{\376\377\0007\000-\000S\000t\000e\000p\000\040\000D\000e\000r\000i\000v\000a\000t\000i\000o\000n\000\040\000\050\000G\000e\000n\000e\000r\000a\000t\000i\000o\000n\000\040\0001\041\222\0002\000\040\000P\000a\000t\000h\000\051}{appendix.F}% 249
\BOOKMARK [2][-]{subsection.F.2}{\376\377\0003\000-\000S\000t\000e\000p\000\040\000D\000e\000r\000i\000v\000a\000t\000i\000o\000n\000\040\000\050\000G\000e\000n\000e\000r\000a\000t\000i\000o\000n\000\040\0002\041\222\0003\000\040\000P\000a\000t\000h\000\051}{appendix.F}% 250
\BOOKMARK [2][-]{subsection.F.3}{\376\377\0001\0001\000-\000S\000t\000e\000p\000\040\000D\000e\000r\000i\000v\000a\000t\000i\000o\000n\000\040\000\050\000W\000a\000v\000e\000f\000u\000n\000c\000t\000i\000o\000n\000\040\000R\000e\000n\000o\000r\000m\000a\000l\000i\000z\000a\000t\000i\000o\000n\000\051}{appendix.F}% 251
\BOOKMARK [2][-]{subsection.F.4}{\376\377\000E\000i\000g\000e\000n\000v\000a\000l\000u\000e\000\040\000T\000r\000e\000e\000\040\000S\000t\000r\000u\000c\000t\000u\000r\000e\000\040\000\050\0003\000\040\000=\000\040\0002\000+\000\040\0001\000\051}{appendix.F}% 252
\BOOKMARK [2][-]{subsection.F.5}{\376\377\0001\0001\000-\000S\000t\000e\000p\000\040\000D\000e\000r\000i\000v\000a\000t\000i\000o\000n\000\040\000\050\000W\000a\000v\000e\000f\000u\000n\000c\000t\000i\000o\000n\000\040\000R\000e\000n\000o\000r\000m\000a\000l\000i\000z\000a\000t\000i\000o\000n\000\051}{appendix.F}% 253
\BOOKMARK [2][-]{subsection.F.6}{\376\377\000E\000i\000g\000e\000n\000v\000a\000l\000u\000e\000\040\000T\000r\000e\000e\000\040\000S\000t\000r\000u\000c\000t\000u\000r\000e\000\040\000\050\0003\000\040\000=\000\040\0002\000+\000\040\0001\000\051}{appendix.F}% 254
\BOOKMARK [1][-]{appendix.G}{\376\377\000E\0008\000\040\041\222\000\040\000S\000M\000\040\000E\000m\000b\000e\000d\000d\000i\000n\000g\000\040\000S\000k\000e\000t\000c\000h}{}% 255
\BOOKMARK [2][-]{subsection.G.1}{\376\377\000E\0008\000\040\000R\000o\000o\000t\000\040\000S\000y\000s\000t\000e\000m\000\040\000a\000n\000d\000\040\000W\000e\000i\000g\000h\000t\000s}{appendix.G}% 256
\BOOKMARK [2][-]{subsection.G.2}{\376\377\000B\000r\000a\000n\000c\000h\000i\000n\000g\000\040\000R\000u\000l\000e\000s\000:\000\040\000E\0008\000\040\041\222\000\040\000S\000O\000\050\0001\0000\000\051\000\040\041\222\000\040\000S\000U\000\050\0005\000\051\000\040\041\222\000\040\000S\000M}{appendix.G}% 257
\BOOKMARK [2][-]{subsection.G.3}{\376\377\000S\000p\000i\000n\000o\000r\000\040\000R\000e\000p\000r\000e\000s\000e\000n\000t\000a\000t\000i\000o\000n\000s\000\040\000a\000n\000d\000\040\000F\000e\000r\000m\000i\000o\000n\000\040\000A\000s\000s\000i\000g\000n\000m\000e\000n\000t}{appendix.G}% 258
\BOOKMARK [2][-]{subsection.G.4}{\376\377\000D\000e\000r\000i\000v\000a\000t\000i\000o\000n\000\040\000o\000f\000\040\000I\000n\000t\000e\000g\000e\000r\000s\000:\000\040\0002\0004\0008\000,\000\040\0001\0006\000,\000\040\0001\0001\000,\000\040\0007\000,\000\040\0005\000,\000\040\0003\000,\000\040\0004}{appendix.G}% 259
\BOOKMARK [1][-]{appendix.H}{\376\377\000F\000i\000b\000o\000n\000a\000c\000c\000i\000\040\000A\000n\000y\000o\000n\000\040\000F\000-\000M\000a\000t\000r\000i\000x\000\040\000a\000n\000d\000\040\000R\000-\000M\000a\000t\000r\000i\000x}{}% 260
\BOOKMARK [2][-]{subsection.H.1}{\376\377\000F\000-\000m\000a\000t\000r\000i\000x\000\040\000E\000x\000p\000l\000i\000c\000i\000t\000\040\000F\000o\000r\000m\000s\000\040\000\050\000P\000e\000n\000t\000a\000g\000o\000n\000\040\000E\000q\000u\000a\000t\000i\000o\000n\000s\000\051}{appendix.H}% 261
\BOOKMARK [2][-]{subsection.H.2}{\376\377\000R\000-\000m\000a\000t\000r\000i\000x\000\040\000E\000x\000p\000l\000i\000c\000i\000t\000\040\000F\000o\000r\000m\000s\000\040\000\050\000H\000e\000x\000a\000g\000o\000n\000\040\000E\000q\000u\000a\000t\000i\000o\000n\000s\000\051}{appendix.H}% 262
\BOOKMARK [2][-]{subsection.H.3}{\376\377\000P\000e\000n\000t\000a\000g\000o\000n\000\040\000a\000n\000d\000\040\000H\000e\000x\000a\000g\000o\000n\000\040\000E\000q\000u\000a\000t\000i\000o\000n\000s\000\040\000\050\000U\000n\000i\000q\000u\000e\000n\000e\000s\000s\000\040\000P\000r\000o\000o\000f\000\051}{appendix.H}% 263
\BOOKMARK [2][-]{subsection.H.4}{\376\377\000P\000r\000o\000o\000f\000\040\000o\000f\000\040\000-\000U\000n\000i\000q\000u\000e\000n\000e\000s\000s\000\040\000\050\000G\000i\000v\000e\000n\000\040\000d\000=\000\040\000\051}{appendix.H}% 264
\BOOKMARK [2][-]{subsection.H.5}{\376\377\000C\000o\000n\000n\000e\000c\000t\000i\000o\000n\000\040\000t\000o\000\040\000Z\000X\000-\000c\000a\000l\000c\000u\000l\000u\000s\000\040\000\050\000T\000r\000i\000p\000l\000e\000\040\000E\000q\000u\000i\000v\000a\000l\000e\000n\000c\000e\000\051}{appendix.H}% 265
\BOOKMARK [2][-]{subsection.H.6}{\376\377\000C\000-\000F\000a\000c\000t\000o\000r\000\040\000C\000a\000t\000a\000l\000o\000g}{appendix.H}% 266
\BOOKMARK [2][-]{subsection.H.7}{\376\377\000M\000i\000n\000i\000m\000a\000l\000\040\000R\000G\000E\000\040\000E\000x\000a\000m\000p\000l\000e\000:\000\040\0002\000W}{appendix.H}% 267
\BOOKMARK [1][-]{appendix.I}{\376\377\000C\000o\000m\000p\000l\000e\000t\000e\000\040\000M\000a\000t\000h\000e\000m\000a\000t\000i\000c\000a\000l\000\040\000F\000r\000a\000m\000e\000w\000o\000r\000k}{}% 268
\BOOKMARK [2][-]{subsection.I.1}{\376\377\000C\000o\000h\000e\000r\000e\000n\000c\000e\000\040\000O\000p\000e\000r\000a\000t\000o\000r\000\040\000P\000r\000o\000p\000e\000r\000t\000i\000e\000s}{appendix.I}% 269
\BOOKMARK [2][-]{subsection.I.2}{\376\377\000M\000a\000s\000t\000e\000r\000\040\000E\000q\000u\000a\000t\000i\000o\000n\000\040\000D\000e\000r\000i\000v\000a\000t\000i\000o\000n}{appendix.I}% 270
\BOOKMARK [2][-]{subsection.I.3}{\376\377\000G\000l\000o\000b\000a\000l\000\040\000C\000o\000n\000v\000e\000r\000g\000e\000n\000c\000e\000\040\000P\000r\000o\000o\000f}{appendix.I}% 271
\BOOKMARK [2][-]{subsection.I.4}{\376\377\000I\000n\000f\000o\000r\000m\000a\000t\000i\000o\000n\000\040\000G\000e\000o\000m\000e\000t\000r\000y}{appendix.I}% 272
\BOOKMARK [1][-]{appendix.J}{\376\377\000E\000x\000p\000e\000r\000i\000m\000e\000n\000t\000a\000l\000\040\000P\000r\000o\000t\000o\000c\000o\000l\000s}{}% 273
\BOOKMARK [2][-]{subsection.J.1}{\376\377\000Q\000u\000a\000n\000t\000u\000m\000\040\000C\000o\000m\000p\000u\000t\000e\000r\000\040\000C\000o\000h\000e\000r\000e\000n\000c\000e\000\040\000T\000e\000s\000t\000\040\000P\000r\000o\000t\000o\000c\000o\000l}{appendix.J}% 274
\BOOKMARK [2][-]{subsection.J.2}{\376\377\000D\000e\000c\000o\000h\000e\000r\000e\000n\000c\000e\000\040\000O\000p\000t\000i\000m\000i\000z\000a\000t\000i\000o\000n\000\040\000P\000r\000o\000t\000o\000c\000o\000l}{appendix.J}% 275
\BOOKMARK [2][-]{subsection.J.3}{\376\377\000Q\000u\000a\000n\000t\000u\000m\000\040\000G\000a\000t\000e\000\040\000F\000i\000d\000e\000l\000i\000t\000y\000\040\000T\000e\000s\000t}{appendix.J}% 276
\BOOKMARK [2][-]{subsection.J.4}{\376\377\000C\000r\000i\000t\000i\000c\000a\000l\000\040\000P\000h\000e\000n\000o\000m\000e\000n\000a\000\040\000V\000e\000r\000i\000f\000i\000c\000a\000t\000i\000o\000n}{appendix.J}% 277
\BOOKMARK [2][-]{subsection.J.5}{\376\377\000T\000e\000n\000s\000o\000r\000\040\000N\000e\000t\000w\000o\000r\000k\000\040\000S\000p\000a\000c\000e\000t\000i\000m\000e\000\040\000E\000m\000e\000r\000g\000e\000n\000c\000e\000\040\000P\000r\000o\000t\000o\000c\000o\000l}{appendix.J}% 278
\BOOKMARK [2][-]{subsection.J.6}{\376\377\000D\000a\000t\000a\000\040\000A\000n\000a\000l\000y\000s\000i\000s\000\040\000R\000e\000q\000u\000i\000r\000e\000m\000e\000n\000t\000s}{appendix.J}% 279
\BOOKMARK [2][-]{subsection.J.7}{\376\377\000C\000r\000i\000t\000i\000c\000a\000l\000\040\000P\000h\000e\000n\000o\000m\000e\000n\000a\000\040\000V\000e\000r\000i\000f\000i\000c\000a\000t\000i\000o\000n}{appendix.J}% 280
\BOOKMARK [2][-]{subsection.J.8}{\376\377\000T\000e\000n\000s\000o\000r\000\040\000N\000e\000t\000w\000o\000r\000k\000\040\000S\000p\000a\000c\000e\000t\000i\000m\000e\000\040\000E\000m\000e\000r\000g\000e\000n\000c\000e\000\040\000P\000r\000o\000t\000o\000c\000o\000l}{appendix.J}% 281
\BOOKMARK [2][-]{subsection.J.9}{\376\377\000D\000a\000t\000a\000\040\000A\000n\000a\000l\000y\000s\000i\000s\000\040\000R\000e\000q\000u\000i\000r\000e\000m\000e\000n\000t\000s}{appendix.J}% 282
\BOOKMARK [1][-]{appendix.K}{\376\377\000-\000C\000o\000n\000s\000t\000r\000a\000i\000n\000e\000d\000\040\000I\000n\000t\000e\000r\000f\000a\000c\000e\000\040\000F\000i\000e\000l\000d\000\040\000T\000h\000e\000o\000r\000y}{}% 283
\BOOKMARK [2][-]{subsection.K.1}{\376\377\000M\000o\000t\000i\000v\000a\000t\000i\000o\000n\000\040\000a\000n\000d\000\040\000S\000t\000a\000t\000e\000m\000e\000n\000t}{appendix.K}% 284
\BOOKMARK [2][-]{subsection.K.2}{\376\377\000C\000o\000n\000s\000t\000r\000a\000i\000n\000e\000d\000\040\000V\000a\000r\000i\000a\000t\000i\000o\000n\000a\000l\000\040\000P\000r\000i\000n\000c\000i\000p\000l\000e\000\040\000a\000t\000\040\000I\000n\000t\000e\000r\000f\000a\000c\000e\000s}{appendix.K}% 285
\BOOKMARK [2][-]{subsection.K.3}{\376\377\000I\000n\000t\000e\000r\000f\000a\000c\000e\000\040\000F\000l\000u\000x\000\040\000L\000a\000w\000\040\000\050\000L\000i\000n\000e\000a\000r\000/\000G\000a\000u\000s\000s\000i\000a\000n\000\040\000R\000e\000g\000i\000m\000e\000\051}{appendix.K}% 286
\BOOKMARK [2][-]{subsection.K.4}{\376\377\000I\000n\000s\000t\000a\000n\000t\000i\000a\000t\000i\000o\000n\000s\000\040\000i\000n\000\040\000R\000e\000a\000l\000\040\000S\000y\000s\000t\000e\000m\000s}{appendix.K}% 287
\BOOKMARK [3][-]{subsubsection.K.4.1}{\376\377\000S\000k\000y\000r\000m\000i\000o\000n\000\040\000M\000u\000l\000t\000i\000l\000a\000y\000e\000r\000s\000\040\000\050\000C\000h\000i\000r\000a\000l\000\040\000M\000a\000g\000n\000e\000t\000s\000\051}{subsection.K.4}% 288
\BOOKMARK [3][-]{subsubsection.K.4.2}{\376\377\000V\000o\000r\000t\000e\000x\000\040\000K\000n\000o\000t\000s\000\040\000i\000n\000\040\000S\000t\000r\000u\000c\000t\000u\000r\000e\000d\000\040\000L\000i\000g\000h\000t}{subsection.K.4}% 289
\BOOKMARK [3][-]{subsubsection.K.4.3}{\376\377\000C\000a\000v\000i\000t\000y\000\040\000Q\000E\000D\000\040\000\050\000E\000m\000i\000t\000t\000e\000r\000-\000C\000a\000v\000i\000t\000y\000-\000E\000n\000v\000i\000r\000o\000n\000m\000e\000n\000t\000\051}{subsection.K.4}% 290
\BOOKMARK [2][-]{subsection.K.5}{\376\377\000M\000e\000a\000s\000u\000r\000e\000m\000e\000n\000t\000\040\000P\000r\000o\000t\000o\000c\000o\000l\000s\000\040\000\050\000S\000y\000s\000t\000e\000m\000-\000A\000g\000n\000o\000s\000t\000i\000c\000\040\000M\000I\000\051}{appendix.K}% 291
\BOOKMARK [2][-]{subsection.K.6}{\376\377\000S\000u\000m\000m\000a\000r\000y\000\040\000a\000n\000d\000\040\000A\000p\000p\000l\000i\000c\000a\000t\000i\000o\000n\000s}{appendix.K}% 292
\BOOKMARK [1][-]{appendix.L}{\376\377\000T\000R\000G\000\040\000R\000e\000p\000r\000o\000d\000u\000c\000i\000b\000i\000l\000i\000t\000y\000\040\000C\000h\000e\000c\000k\000l\000i\000s\000t}{}% 293
\BOOKMARK [2][-]{subsection.L.1}{\376\377\000A\000l\000g\000o\000r\000i\000t\000h\000m\000\040\000I\000m\000p\000l\000e\000m\000e\000n\000t\000a\000t\000i\000o\000n}{appendix.L}% 294
\BOOKMARK [2][-]{subsection.L.2}{\376\377\000C\000o\000n\000v\000e\000r\000g\000e\000n\000c\000e\000\040\000C\000r\000i\000t\000e\000r\000i\000a}{appendix.L}% 295
\BOOKMARK [2][-]{subsection.L.3}{\376\377\000E\000n\000t\000a\000n\000g\000l\000e\000m\000e\000n\000t\000\040\000E\000x\000t\000r\000a\000c\000t\000i\000o\000n}{appendix.L}% 296
\BOOKMARK [2][-]{subsection.L.4}{\376\377\000M\000e\000t\000r\000i\000c\000\040\000R\000e\000c\000o\000n\000s\000t\000r\000u\000c\000t\000i\000o\000n}{appendix.L}% 297
\BOOKMARK [1][-]{appendix.M}{\376\377\000-\000E\000x\000p\000o\000n\000e\000n\000t\000\040\000P\000r\000o\000o\000f\000\040\000S\000k\000e\000t\000c\000h\000e\000s}{}% 298
\BOOKMARK [2][-]{subsection.M.1}{\376\377\0007\000-\000S\000t\000e\000p\000\040\000D\000e\000r\000i\000v\000a\000t\000i\000o\000n\000\040\000\050\000G\000e\000n\000e\000r\000a\000t\000i\000o\000n\000\040\0001\041\222\0002\000\040\000P\000a\000t\000h\000\051}{appendix.M}% 299
\BOOKMARK [2][-]{subsection.M.2}{\376\377\0003\000-\000S\000t\000e\000p\000\040\000D\000e\000r\000i\000v\000a\000t\000i\000o\000n\000\040\000\050\000G\000e\000n\000e\000r\000a\000t\000i\000o\000n\000\040\0002\041\222\0003\000\040\000P\000a\000t\000h\000\051}{appendix.M}% 300
\BOOKMARK [2][-]{subsection.M.3}{\376\377\0001\0001\000-\000S\000t\000e\000p\000\040\000D\000e\000r\000i\000v\000a\000t\000i\000o\000n\000\040\000\050\000W\000a\000v\000e\000f\000u\000n\000c\000t\000i\000o\000n\000\040\000R\000e\000n\000o\000r\000m\000a\000l\000i\000z\000a\000t\000i\000o\000n\000\051}{appendix.M}% 301
\BOOKMARK [2][-]{subsection.M.4}{\376\377\000E\000i\000g\000e\000n\000v\000a\000l\000u\000e\000\040\000T\000r\000e\000e\000\040\000S\000t\000r\000u\000c\000t\000u\000r\000e\000\040\000\050\0003\000\040\000=\000\040\0002\000+\000\040\0001\000\051}{appendix.M}% 302
\BOOKMARK [1][-]{appendix.N}{\376\377\000E\0008\000\040\041\222\000\040\000S\000M\000\040\000E\000m\000b\000e\000d\000d\000i\000n\000g\000\040\000S\000k\000e\000t\000c\000h}{}% 303
\BOOKMARK [2][-]{subsection.N.1}{\376\377\000E\0008\000\040\000R\000o\000o\000t\000\040\000S\000y\000s\000t\000e\000m\000\040\000a\000n\000d\000\040\000W\000e\000i\000g\000h\000t\000s}{appendix.N}% 304
\BOOKMARK [2][-]{subsection.N.2}{\376\377\000B\000r\000a\000n\000c\000h\000i\000n\000g\000\040\000R\000u\000l\000e\000s\000:\000\040\000E\0008\000\040\041\222\000\040\000S\000O\000\050\0001\0000\000\051\000\040\041\222\000\040\000S\000U\000\050\0005\000\051\000\040\041\222\000\040\000S\000M}{appendix.N}% 305
\BOOKMARK [2][-]{subsection.N.3}{\376\377\000S\000p\000i\000n\000o\000r\000\040\000R\000e\000p\000r\000e\000s\000e\000n\000t\000a\000t\000i\000o\000n\000s\000\040\000a\000n\000d\000\040\000F\000e\000r\000m\000i\000o\000n\000\040\000A\000s\000s\000i\000g\000n\000m\000e\000n\000t}{appendix.N}% 306
\BOOKMARK [2][-]{subsection.N.4}{\376\377\000D\000e\000r\000i\000v\000a\000t\000i\000o\000n\000\040\000o\000f\000\040\000I\000n\000t\000e\000g\000e\000r\000s\000:\000\040\0002\0004\0008\000,\000\040\0001\0006\000,\000\040\0001\0001\000,\000\040\0007\000,\000\040\0005\000,\000\040\0003\000,\000\040\0004}{appendix.N}% 307
\BOOKMARK [1][-]{appendix.O}{\376\377\000F\000i\000b\000o\000n\000a\000c\000c\000i\000\040\000A\000n\000y\000o\000n\000\040\000F\000-\000M\000a\000t\000r\000i\000x\000\040\000a\000n\000d\000\040\000R\000-\000M\000a\000t\000r\000i\000x}{}% 308
\BOOKMARK [2][-]{subsection.O.1}{\376\377\000F\000-\000M\000a\000t\000r\000i\000x\000\040\000E\000x\000p\000l\000i\000c\000i\000t\000\040\000F\000o\000r\000m\000s\000\040\000\050\000P\000e\000n\000t\000a\000g\000o\000n\000\040\000E\000q\000u\000a\000t\000i\000o\000n\000s\000\051}{appendix.O}% 309
\BOOKMARK [2][-]{subsection.O.2}{\376\377\000R\000-\000M\000a\000t\000r\000i\000x\000\040\000E\000x\000p\000l\000i\000c\000i\000t\000\040\000F\000o\000r\000m\000s\000\040\000\050\000H\000e\000x\000a\000g\000o\000n\000\040\000E\000q\000u\000a\000t\000i\000o\000n\000s\000\051}{appendix.O}% 310
\BOOKMARK [2][-]{subsection.O.3}{\376\377\000P\000e\000n\000t\000a\000g\000o\000n\000\040\000a\000n\000d\000\040\000H\000e\000x\000a\000g\000o\000n\000\040\000E\000q\000u\000a\000t\000i\000o\000n\000s\000\040\000\050\000U\000n\000i\000q\000u\000e\000n\000e\000s\000s\000\040\000P\000r\000o\000o\000f\000\051}{appendix.O}% 311
\BOOKMARK [2][-]{subsection.O.4}{\376\377\000P\000r\000o\000o\000f\000\040\000o\000f\000\040\000-\000U\000n\000i\000q\000u\000e\000n\000e\000s\000s\000\040\000\050\000G\000i\000v\000e\000n\000\040\000d\000=\000\040\000\051}{appendix.O}% 312
\BOOKMARK [2][-]{subsection.O.5}{\376\377\000C\000o\000n\000n\000e\000c\000t\000i\000o\000n\000\040\000t\000o\000\040\000Z\000X\000-\000c\000a\000l\000c\000u\000l\000u\000s\000\040\000\050\000T\000r\000i\000p\000l\000e\000\040\000E\000q\000u\000i\000v\000a\000l\000e\000n\000c\000e\000\051}{appendix.O}% 313
\BOOKMARK [1][-]{appendix.P}{\376\377\000C\000o\000m\000p\000l\000e\000t\000e\000\040\000C\000o\000m\000p\000u\000t\000a\000t\000i\000o\000n\000a\000l\000\040\000I\000m\000p\000l\000e\000m\000e\000n\000t\000a\000t\000i\000o\000n\000\040\000D\000e\000t\000a\000i\000l\000s}{}% 314
\BOOKMARK [2][-]{subsection.P.1}{\376\377\000P\000e\000n\000n\000y\000L\000a\000n\000e\000\040\000Q\000u\000a\000n\000t\000u\000m\000\040\000C\000o\000m\000p\000u\000t\000e\000r\000\040\000I\000m\000p\000l\000e\000m\000e\000n\000t\000a\000t\000i\000o\000n}{appendix.P}% 315
\BOOKMARK [2][-]{subsection.P.2}{\376\377\000T\000e\000n\000s\000o\000r\000\040\000N\000e\000t\000w\000o\000r\000k\000\040\000R\000e\000n\000o\000r\000m\000a\000l\000i\000z\000a\000t\000i\000o\000n\000\040\000I\000m\000p\000l\000e\000m\000e\000n\000t\000a\000t\000i\000o\000n}{appendix.P}% 316
\BOOKMARK [2][-]{subsection.P.3}{\376\377\000C\000o\000m\000p\000l\000e\000t\000e\000\040\000E\0008\000\040\000R\000e\000p\000r\000e\000s\000e\000n\000t\000a\000t\000i\000o\000n\000\040\000T\000h\000e\000o\000r\000y\000\040\000I\000m\000p\000l\000e\000m\000e\000n\000t\000a\000t\000i\000o\000n}{appendix.P}% 317
\BOOKMARK [2][-]{subsection.P.4}{\376\377\000C\000o\000m\000p\000l\000e\000t\000e\000\040\000F\000i\000b\000o\000n\000a\000c\000c\000i\000\040\000A\000n\000y\000o\000n\000\040\000I\000m\000p\000l\000e\000m\000e\000n\000t\000a\000t\000i\000o\000n}{appendix.P}% 318
\BOOKMARK [2][-]{subsection.P.5}{\376\377\000C\000o\000m\000p\000l\000e\000t\000e\000\040\000S\000t\000a\000t\000i\000s\000t\000i\000c\000a\000l\000\040\000A\000n\000a\000l\000y\000s\000i\000s\000\040\000I\000m\000p\000l\000e\000m\000e\000n\000t\000a\000t\000i\000o\000n}{appendix.P}% 319
\BOOKMARK [1][-]{appendix.Q}{\376\377\000C\000o\000m\000p\000l\000e\000t\000e\000\040\000I\000m\000p\000l\000e\000m\000e\000n\000t\000a\000t\000i\000o\000n\000\040\000R\000e\000p\000o\000s\000i\000t\000o\000r\000y}{}% 320
\BOOKMARK [2][-]{subsection.Q.1}{\376\377\000C\000o\000d\000e\000\040\000R\000e\000p\000o\000s\000i\000t\000o\000r\000y\000\040\000S\000t\000r\000u\000c\000t\000u\000r\000e}{appendix.Q}% 321
\BOOKMARK [2][-]{subsection.Q.2}{\376\377\000I\000n\000s\000t\000a\000l\000l\000a\000t\000i\000o\000n\000\040\000a\000n\000d\000\040\000U\000s\000a\000g\000e}{appendix.Q}% 322
\BOOKMARK [2][-]{subsection.Q.3}{\376\377\000D\000a\000t\000a\000\040\000A\000v\000a\000i\000l\000a\000b\000i\000l\000i\000t\000y}{appendix.Q}% 323
